[debug] [2019-06-20T14:05:20.844Z] ----------------------------------------------------------------------
[debug] [2019-06-20T14:05:20.846Z] Command:       /usr/local/bin/node /usr/local/bin/firebase init
[debug] [2019-06-20T14:05:20.846Z] CLI Version:   7.0.0
[debug] [2019-06-20T14:05:20.846Z] Platform:      darwin
[debug] [2019-06-20T14:05:20.846Z] Node Version:  v10.15.3
[debug] [2019-06-20T14:05:20.847Z] Time:          Thu Jun 20 2019 16:05:20 GMT+0200 (GMT+02:00)
[debug] [2019-06-20T14:05:20.847Z] ----------------------------------------------------------------------
[debug] 
[debug] [2019-06-20T14:05:20.857Z] > command requires scopes: ["email","openid","https://www.googleapis.com/auth/cloudplatformprojects.readonly","https://www.googleapis.com/auth/firebase","https://www.googleapis.com/auth/cloud-platform"]
[debug] [2019-06-20T14:05:20.857Z] > authorizing via signed-in user
[info] 
     ######## #### ########  ######## ########     ###     ######  ########
     ##        ##  ##     ## ##       ##     ##  ##   ##  ##       ##
     ######    ##  ########  ######   ########  #########  ######  ######
     ##        ##  ##    ##  ##       ##     ## ##     ##       ## ##
     ##       #### ##     ## ######## ########  ##     ##  ######  ########

You're about to initialize a Firebase project in this directory:

  /Users/dla_pmac/Desktop/NorthsideYouthSoccerLeague/NYSL/nysl

[info] 
=== Project Setup
[info] 
[info] First, let's associate this project directory with a Firebase project.
[info] You can create multiple project aliases by running firebase use --add, 
[info] but for now we'll just set up a default project.
[info] 
[debug] [2019-06-20T14:05:59.454Z] > refreshing access token with scopes: ["email","https://www.googleapis.com/auth/cloud-platform","https://www.googleapis.com/auth/cloudplatformprojects.readonly","https://www.googleapis.com/auth/firebase","openid"]
[debug] [2019-06-20T14:05:59.455Z] >>> HTTP REQUEST POST https://www.googleapis.com/oauth2/v3/token  
 <request body omitted>
[debug] [2019-06-20T14:05:59.701Z] <<< HTTP RESPONSE 200
[debug] [2019-06-20T14:05:59.717Z] >>> HTTP REQUEST GET https://firebase.googleapis.com/v1beta1/projects?page_size=100  
 
[debug] [2019-06-20T14:06:00.190Z] <<< HTTP RESPONSE 200
[debug] [2019-06-20T14:07:00.361Z] ----------------------------------------------------------------------
[debug] [2019-06-20T14:07:00.363Z] Command:       /usr/local/bin/node /usr/local/bin/firebase init
[debug] [2019-06-20T14:07:00.363Z] CLI Version:   7.0.0
[debug] [2019-06-20T14:07:00.363Z] Platform:      darwin
[debug] [2019-06-20T14:07:00.363Z] Node Version:  v10.15.3
[debug] [2019-06-20T14:07:00.364Z] Time:          Thu Jun 20 2019 16:07:00 GMT+0200 (GMT+02:00)
[debug] [2019-06-20T14:07:00.364Z] ----------------------------------------------------------------------
[debug] 
[debug] [2019-06-20T14:07:00.374Z] > command requires scopes: ["email","openid","https://www.googleapis.com/auth/cloudplatformprojects.readonly","https://www.googleapis.com/auth/firebase","https://www.googleapis.com/auth/cloud-platform"]
[debug] [2019-06-20T14:07:00.374Z] > authorizing via signed-in user
[info] 
     ######## #### ########  ######## ########     ###     ######  ########
     ##        ##  ##     ## ##       ##     ##  ##   ##  ##       ##
     ######    ##  ########  ######   ########  #########  ######  ######
     ##        ##  ##    ##  ##       ##     ## ##     ##       ## ##
     ##       #### ##     ## ######## ########  ##     ##  ######  ########

You're about to initialize a Firebase project in this directory:

  /Users/dla_pmac/Desktop/NorthsideYouthSoccerLeague/NYSL/nysl

[info] 
=== Project Setup
[info] 
[info] First, let's associate this project directory with a Firebase project.
[info] You can create multiple project aliases by running firebase use --add, 
[info] but for now we'll just set up a default project.
[info] 
[debug] [2019-06-20T14:07:07.550Z] >>> HTTP REQUEST GET https://firebase.googleapis.com/v1beta1/projects?page_size=100  
 
[debug] [2019-06-20T14:07:08.001Z] <<< HTTP RESPONSE 200
